To honour the JVM settings for this build a single-use Daemon process will be forked. For more on this, please refer to https://docs.gradle.org/8.10.2/userguide/gradle_daemon.html#sec:disabling_the_daemon in the Gradle documentation.
Daemon will be stopped at the end of the build 
> Task :core:database:preBuild UP-TO-DATE
> Task :core:common:preBuild UP-TO-DATE
> Task :domain:preBuild UP-TO-DATE
> Task :app:preBuild UP-TO-DATE
> Task :core:datastore:preBuild UP-TO-DATE
> Task :core:network:preBuild UP-TO-DATE
> Task :domain:preDebugBuild UP-TO-DATE
> Task :core:database:preDebugBuild UP-TO-DATE
> Task :core:datastore:preDebugBuild UP-TO-DATE
> Task :app:preDebugBuild UP-TO-DATE
> Task :core:common:preDebugBuild UP-TO-DATE
> Task :core:network:preDebugBuild UP-TO-DATE
> Task :domain:writeDebugAarMetadata UP-TO-DATE
> Task :core:network:writeDebugAarMetadata UP-TO-DATE
> Task :core:datastore:writeDebugAarMetadata UP-TO-DATE
> Task :core:common:writeDebugAarMetadata UP-TO-DATE
> Task :core:database:writeDebugAarMetadata UP-TO-DATE
> Task :app:mergeDebugNativeDebugMetadata NO-SOURCE
> Task :data:repository:preBuild UP-TO-DATE
> Task :feature:diagnostico:preBuild UP-TO-DATE
> Task :feature:entrevista:preBuild UP-TO-DATE
> Task :app:checkKotlinGradlePluginConfigurationErrors SKIPPED
> Task :feature:main:preBuild UP-TO-DATE
> Task :feature:diagnostico:preDebugBuild UP-TO-DATE
> Task :data:repository:preDebugBuild UP-TO-DATE
> Task :feature:chaos:preBuild UP-TO-DATE
> Task :feature:entrevista:preDebugBuild UP-TO-DATE
> Task :feature:chaos:preDebugBuild UP-TO-DATE
> Task :feature:main:preDebugBuild UP-TO-DATE
> Task :data:repository:writeDebugAarMetadata UP-TO-DATE
> Task :feature:diagnostico:writeDebugAarMetadata UP-TO-DATE
> Task :feature:main:writeDebugAarMetadata UP-TO-DATE
> Task :feature:entrevista:writeDebugAarMetadata UP-TO-DATE
> Task :feature:simulador:preBuild UP-TO-DATE
> Task :feature:simulador:preDebugBuild UP-TO-DATE
> Task :feature:chaos:writeDebugAarMetadata UP-TO-DATE
> Task :domain:generateDebugResValues UP-TO-DATE
> Task :feature:simulador:writeDebugAarMetadata UP-TO-DATE
> Task :app:generateDebugBuildConfig UP-TO-DATE
> Task :core:database:generateDebugResValues UP-TO-DATE
> Task :core:common:generateDebugResValues UP-TO-DATE
> Task :core:network:generateDebugResValues UP-TO-DATE
> Task :core:datastore:generateDebugResValues UP-TO-DATE
> Task :core:common:generateDebugResources UP-TO-DATE
> Task :domain:generateDebugResources UP-TO-DATE
> Task :core:database:generateDebugResources UP-TO-DATE
> Task :core:datastore:generateDebugResources UP-TO-DATE
> Task :core:network:generateDebugResources UP-TO-DATE
> Task :core:common:packageDebugResources UP-TO-DATE
> Task :core:datastore:packageDebugResources UP-TO-DATE
> Task :core:database:packageDebugResources UP-TO-DATE
> Task :core:network:packageDebugResources UP-TO-DATE
> Task :domain:packageDebugResources UP-TO-DATE
> Task :feature:entrevista:generateDebugResValues UP-TO-DATE
> Task :data:repository:generateDebugResValues UP-TO-DATE
> Task :feature:chaos:generateDebugResValues UP-TO-DATE
> Task :feature:diagnostico:generateDebugResValues UP-TO-DATE
> Task :feature:main:generateDebugResValues UP-TO-DATE
> Task :feature:entrevista:generateDebugResources UP-TO-DATE
> Task :feature:main:generateDebugResources UP-TO-DATE
> Task :feature:chaos:generateDebugResources UP-TO-DATE
> Task :feature:diagnostico:generateDebugResources UP-TO-DATE
> Task :data:repository:generateDebugResources UP-TO-DATE
> Task :feature:entrevista:packageDebugResources UP-TO-DATE
> Task :feature:simulador:generateDebugResValues UP-TO-DATE
> Task :feature:main:packageDebugResources UP-TO-DATE
> Task :data:repository:packageDebugResources UP-TO-DATE
> Task :feature:diagnostico:packageDebugResources UP-TO-DATE
> Task :feature:simulador:generateDebugResources UP-TO-DATE
> Task :feature:chaos:packageDebugResources UP-TO-DATE
> Task :core:common:extractDeepLinksDebug UP-TO-DATE
> Task :domain:extractDeepLinksDebug UP-TO-DATE
> Task :core:database:extractDeepLinksDebug UP-TO-DATE
> Task :core:datastore:extractDeepLinksDebug UP-TO-DATE
> Task :feature:simulador:packageDebugResources UP-TO-DATE
> Task :core:network:extractDeepLinksDebug UP-TO-DATE
> Task :core:datastore:processDebugManifest UP-TO-DATE
> Task :core:common:processDebugManifest UP-TO-DATE
> Task :domain:processDebugManifest UP-TO-DATE
> Task :core:database:processDebugManifest UP-TO-DATE
> Task :data:repository:extractDeepLinksDebug UP-TO-DATE
> Task :feature:diagnostico:extractDeepLinksDebug UP-TO-DATE
> Task :feature:entrevista:extractDeepLinksDebug UP-TO-DATE
> Task :feature:chaos:extractDeepLinksDebug UP-TO-DATE
> Task :core:network:processDebugManifest UP-TO-DATE
> Task :data:repository:processDebugManifest UP-TO-DATE
> Task :feature:main:extractDeepLinksDebug UP-TO-DATE
> Task :feature:simulador:extractDeepLinksDebug UP-TO-DATE
> Task :feature:chaos:processDebugManifest UP-TO-DATE
> Task :feature:diagnostico:processDebugManifest UP-TO-DATE
> Task :feature:entrevista:processDebugManifest UP-TO-DATE
> Task :feature:main:processDebugManifest UP-TO-DATE
> Task :core:database:compileDebugLibraryResources UP-TO-DATE
> Task :core:common:compileDebugLibraryResources UP-TO-DATE
> Task :domain:compileDebugLibraryResources UP-TO-DATE
> Task :feature:simulador:processDebugManifest UP-TO-DATE
> Task :core:datastore:compileDebugLibraryResources UP-TO-DATE
> Task :core:network:compileDebugLibraryResources UP-TO-DATE
> Task :core:common:parseDebugLocalResources UP-TO-DATE
> Task :core:database:parseDebugLocalResources UP-TO-DATE
> Task :domain:parseDebugLocalResources UP-TO-DATE
> Task :core:network:parseDebugLocalResources UP-TO-DATE
> Task :core:datastore:parseDebugLocalResources UP-TO-DATE
> Task :core:common:generateDebugRFile UP-TO-DATE
> Task :core:database:generateDebugRFile UP-TO-DATE
> Task :core:network:generateDebugRFile UP-TO-DATE
> Task :domain:generateDebugRFile UP-TO-DATE
> Task :core:datastore:generateDebugRFile UP-TO-DATE
> Task :data:repository:compileDebugLibraryResources UP-TO-DATE
> Task :feature:diagnostico:compileDebugLibraryResources UP-TO-DATE
> Task :feature:entrevista:compileDebugLibraryResources UP-TO-DATE
> Task :feature:chaos:compileDebugLibraryResources UP-TO-DATE
> Task :data:repository:parseDebugLocalResources UP-TO-DATE
> Task :feature:main:compileDebugLibraryResources UP-TO-DATE
> Task :data:repository:generateDebugRFile UP-TO-DATE
> Task :feature:chaos:parseDebugLocalResources UP-TO-DATE
> Task :feature:entrevista:parseDebugLocalResources UP-TO-DATE
> Task :feature:simulador:compileDebugLibraryResources UP-TO-DATE
> Task :feature:diagnostico:parseDebugLocalResources UP-TO-DATE
> Task :feature:main:parseDebugLocalResources UP-TO-DATE
> Task :feature:simulador:parseDebugLocalResources UP-TO-DATE
> Task :feature:chaos:generateDebugRFile UP-TO-DATE
> Task :feature:entrevista:generateDebugRFile UP-TO-DATE
> Task :feature:simulador:generateDebugRFile UP-TO-DATE
> Task :domain:checkKotlinGradlePluginConfigurationErrors SKIPPED
> Task :core:common:checkKotlinGradlePluginConfigurationErrors SKIPPED
> Task :core:database:checkKotlinGradlePluginConfigurationErrors SKIPPED
> Task :feature:diagnostico:generateDebugRFile UP-TO-DATE
> Task :feature:main:generateDebugRFile UP-TO-DATE
> Task :core:datastore:checkKotlinGradlePluginConfigurationErrors SKIPPED
> Task :core:network:checkKotlinGradlePluginConfigurationErrors SKIPPED
> Task :core:datastore:extractDebugProto UP-TO-DATE
> Task :core:network:generateDebugBuildConfig UP-TO-DATE
> Task :core:datastore:extractProto UP-TO-DATE
> Task :core:datastore:javaPreCompileDebug UP-TO-DATE
> Task :domain:javaPreCompileDebug UP-TO-DATE
> Task :core:network:javaPreCompileDebug UP-TO-DATE
> Task :data:repository:checkKotlinGradlePluginConfigurationErrors SKIPPED
> Task :feature:chaos:checkKotlinGradlePluginConfigurationErrors SKIPPED
> Task :feature:diagnostico:checkKotlinGradlePluginConfigurationErrors SKIPPED
> Task :feature:diagnostico:javaPreCompileDebug UP-TO-DATE
> Task :feature:entrevista:checkKotlinGradlePluginConfigurationErrors SKIPPED
> Task :feature:entrevista:javaPreCompileDebug UP-TO-DATE
> Task :feature:chaos:javaPreCompileDebug UP-TO-DATE
> Task :feature:main:checkKotlinGradlePluginConfigurationErrors SKIPPED
> Task :feature:simulador:checkKotlinGradlePluginConfigurationErrors SKIPPED
> Task :feature:main:javaPreCompileDebug UP-TO-DATE
> Task :feature:simulador:javaPreCompileDebug UP-TO-DATE
> Task :domain:mergeDebugShaders UP-TO-DATE
> Task :domain:compileDebugShaders NO-SOURCE
> Task :domain:generateDebugAssets UP-TO-DATE
> Task :core:datastore:mergeDebugShaders UP-TO-DATE
> Task :core:datastore:compileDebugShaders NO-SOURCE
> Task :core:datastore:generateDebugAssets UP-TO-DATE
> Task :domain:packageDebugAssets UP-TO-DATE
> Task :core:datastore:packageDebugAssets UP-TO-DATE
> Task :core:network:mergeDebugShaders UP-TO-DATE
> Task :core:network:compileDebugShaders NO-SOURCE
> Task :core:network:generateDebugAssets UP-TO-DATE
> Task :feature:chaos:mergeDebugShaders UP-TO-DATE
> Task :core:network:packageDebugAssets UP-TO-DATE
> Task :feature:chaos:compileDebugShaders NO-SOURCE
> Task :feature:chaos:generateDebugAssets UP-TO-DATE
> Task :feature:diagnostico:mergeDebugShaders UP-TO-DATE
> Task :feature:diagnostico:compileDebugShaders NO-SOURCE
> Task :feature:diagnostico:generateDebugAssets UP-TO-DATE
> Task :feature:chaos:packageDebugAssets UP-TO-DATE
> Task :feature:entrevista:mergeDebugShaders UP-TO-DATE
> Task :feature:diagnostico:packageDebugAssets UP-TO-DATE
> Task :feature:entrevista:compileDebugShaders NO-SOURCE
> Task :feature:entrevista:generateDebugAssets UP-TO-DATE
> Task :feature:main:mergeDebugShaders UP-TO-DATE
> Task :feature:main:compileDebugShaders NO-SOURCE
> Task :feature:entrevista:packageDebugAssets UP-TO-DATE
> Task :feature:main:generateDebugAssets UP-TO-DATE
> Task :feature:simulador:mergeDebugShaders UP-TO-DATE
> Task :feature:main:packageDebugAssets UP-TO-DATE
> Task :feature:simulador:compileDebugShaders NO-SOURCE
> Task :feature:simulador:generateDebugAssets UP-TO-DATE
> Task :domain:mergeDebugJniLibFolders UP-TO-DATE
> Task :feature:simulador:packageDebugAssets UP-TO-DATE
> Task :domain:mergeDebugNativeLibs NO-SOURCE
> Task :core:datastore:mergeDebugJniLibFolders UP-TO-DATE
> Task :domain:copyDebugJniLibsProjectOnly UP-TO-DATE
> Task :core:datastore:mergeDebugNativeLibs NO-SOURCE
> Task :core:datastore:copyDebugJniLibsProjectOnly UP-TO-DATE
> Task :core:network:mergeDebugJniLibFolders UP-TO-DATE
> Task :core:network:mergeDebugNativeLibs NO-SOURCE
> Task :feature:chaos:mergeDebugJniLibFolders UP-TO-DATE
> Task :core:network:copyDebugJniLibsProjectOnly UP-TO-DATE
> Task :feature:chaos:mergeDebugNativeLibs NO-SOURCE
> Task :feature:chaos:copyDebugJniLibsProjectOnly UP-TO-DATE
> Task :feature:diagnostico:mergeDebugJniLibFolders UP-TO-DATE
> Task :feature:diagnostico:mergeDebugNativeLibs NO-SOURCE
> Task :feature:entrevista:mergeDebugJniLibFolders UP-TO-DATE
> Task :feature:entrevista:mergeDebugNativeLibs NO-SOURCE
> Task :feature:diagnostico:copyDebugJniLibsProjectOnly UP-TO-DATE
> Task :feature:entrevista:copyDebugJniLibsProjectOnly UP-TO-DATE
> Task :feature:simulador:mergeDebugJniLibFolders UP-TO-DATE
> Task :feature:main:mergeDebugJniLibFolders UP-TO-DATE
> Task :feature:simulador:mergeDebugNativeLibs NO-SOURCE
> Task :feature:main:mergeDebugNativeLibs NO-SOURCE
> Task :feature:simulador:copyDebugJniLibsProjectOnly UP-TO-DATE
> Task :domain:stripDebugDebugSymbols NO-SOURCE
> Task :feature:main:copyDebugJniLibsProjectOnly UP-TO-DATE
> Task :core:datastore:stripDebugDebugSymbols NO-SOURCE
> Task :domain:copyDebugJniLibsProjectAndLocalJars UP-TO-DATE
> Task :domain:extractDeepLinksForAarDebug UP-TO-DATE
> Task :core:datastore:copyDebugJniLibsProjectAndLocalJars UP-TO-DATE
> Task :core:datastore:extractDeepLinksForAarDebug UP-TO-DATE
> Task :domain:prepareDebugArtProfile UP-TO-DATE
> Task :domain:prepareLintJarForPublish UP-TO-DATE
> Task :core:datastore:prepareDebugArtProfile UP-TO-DATE
> Task :core:network:stripDebugDebugSymbols NO-SOURCE
> Task :core:datastore:prepareLintJarForPublish UP-TO-DATE
> Task :core:network:copyDebugJniLibsProjectAndLocalJars UP-TO-DATE
> Task :feature:chaos:stripDebugDebugSymbols NO-SOURCE
> Task :core:network:extractDeepLinksForAarDebug UP-TO-DATE
> Task :feature:chaos:copyDebugJniLibsProjectAndLocalJars UP-TO-DATE
> Task :feature:chaos:extractDeepLinksForAarDebug UP-TO-DATE
> Task :core:network:prepareDebugArtProfile UP-TO-DATE
> Task :core:network:prepareLintJarForPublish UP-TO-DATE
> Task :feature:chaos:prepareDebugArtProfile UP-TO-DATE
> Task :feature:diagnostico:stripDebugDebugSymbols NO-SOURCE
> Task :feature:chaos:prepareLintJarForPublish UP-TO-DATE
> Task :feature:diagnostico:copyDebugJniLibsProjectAndLocalJars UP-TO-DATE
> Task :feature:entrevista:stripDebugDebugSymbols NO-SOURCE
> Task :feature:diagnostico:extractDeepLinksForAarDebug UP-TO-DATE
> Task :feature:entrevista:copyDebugJniLibsProjectAndLocalJars UP-TO-DATE
> Task :feature:diagnostico:prepareDebugArtProfile UP-TO-DATE
> Task :feature:entrevista:extractDeepLinksForAarDebug UP-TO-DATE
> Task :feature:diagnostico:prepareLintJarForPublish UP-TO-DATE
> Task :feature:main:stripDebugDebugSymbols NO-SOURCE
> Task :feature:entrevista:prepareDebugArtProfile UP-TO-DATE
> Task :feature:main:copyDebugJniLibsProjectAndLocalJars UP-TO-DATE
> Task :feature:entrevista:prepareLintJarForPublish UP-TO-DATE
> Task :feature:simulador:stripDebugDebugSymbols NO-SOURCE
> Task :feature:main:extractDeepLinksForAarDebug UP-TO-DATE
> Task :feature:simulador:copyDebugJniLibsProjectAndLocalJars UP-TO-DATE
> Task :feature:main:prepareDebugArtProfile UP-TO-DATE
> Task :feature:main:prepareLintJarForPublish UP-TO-DATE
> Task :feature:simulador:extractDeepLinksForAarDebug UP-TO-DATE
> Task :feature:simulador:prepareDebugArtProfile UP-TO-DATE
> Task :feature:simulador:prepareLintJarForPublish UP-TO-DATE
> Task :data:repository:javaPreCompileDebug UP-TO-DATE
> Task :data:repository:mergeDebugShaders UP-TO-DATE
> Task :data:repository:compileDebugShaders NO-SOURCE
> Task :data:repository:generateDebugAssets UP-TO-DATE
> Task :data:repository:packageDebugAssets UP-TO-DATE
> Task :data:repository:mergeDebugJniLibFolders UP-TO-DATE
> Task :data:repository:mergeDebugNativeLibs NO-SOURCE
> Task :data:repository:copyDebugJniLibsProjectOnly UP-TO-DATE
> Task :data:repository:stripDebugDebugSymbols NO-SOURCE
> Task :data:repository:copyDebugJniLibsProjectAndLocalJars UP-TO-DATE
> Task :data:repository:extractDeepLinksForAarDebug UP-TO-DATE
> Task :core:database:javaPreCompileDebug UP-TO-DATE
> Task :data:repository:prepareDebugArtProfile UP-TO-DATE
> Task :data:repository:prepareLintJarForPublish UP-TO-DATE
> Task :core:database:mergeDebugShaders UP-TO-DATE
> Task :core:database:compileDebugShaders NO-SOURCE
> Task :core:database:generateDebugAssets UP-TO-DATE
> Task :core:database:packageDebugAssets UP-TO-DATE
> Task :core:database:mergeDebugJniLibFolders UP-TO-DATE
> Task :core:database:mergeDebugNativeLibs NO-SOURCE
> Task :core:database:copyDebugJniLibsProjectOnly UP-TO-DATE
> Task :core:database:stripDebugDebugSymbols NO-SOURCE
> Task :core:database:copyDebugJniLibsProjectAndLocalJars UP-TO-DATE
> Task :core:database:extractDeepLinksForAarDebug UP-TO-DATE
> Task :core:database:prepareDebugArtProfile UP-TO-DATE
> Task :core:database:prepareLintJarForPublish UP-TO-DATE
> Task :app:checkDebugAarMetadata UP-TO-DATE
> Task :app:generateDebugResValues UP-TO-DATE
> Task :core:common:kspDebugKotlin UP-TO-DATE
> Task :core:common:compileDebugKotlin UP-TO-DATE
> Task :core:common:javaPreCompileDebug UP-TO-DATE
> Task :core:common:compileDebugJavaWithJavac UP-TO-DATE
> Task :app:mapDebugSourceSetPaths UP-TO-DATE
> Task :core:common:transformDebugClassesWithAsm UP-TO-DATE
> Task :app:generateDebugResources UP-TO-DATE
> Task :core:common:bundleLibCompileToJarDebug UP-TO-DATE
> Task :core:common:bundleLibRuntimeToJarDebug UP-TO-DATE
> Task :core:common:processDebugJavaRes UP-TO-DATE
> Task :core:common:createFullJarDebug UP-TO-DATE
> Task :core:common:mergeDebugShaders UP-TO-DATE
> Task :app:mergeDebugResources UP-TO-DATE
> Task :app:packageDebugResources UP-TO-DATE
> Task :core:common:compileDebugShaders NO-SOURCE
> Task :core:common:generateDebugAssets UP-TO-DATE
> Task :core:common:packageDebugAssets UP-TO-DATE
> Task :app:parseDebugLocalResources UP-TO-DATE
> Task :app:createDebugCompatibleScreenManifests UP-TO-DATE
> Task :core:common:bundleLibRuntimeToDirDebug UP-TO-DATE
> Task :app:extractDeepLinksDebug UP-TO-DATE
> Task :core:common:mergeDebugJniLibFolders UP-TO-DATE
> Task :core:common:mergeDebugNativeLibs NO-SOURCE
> Task :core:common:copyDebugJniLibsProjectOnly UP-TO-DATE
> Task :core:common:stripDebugDebugSymbols NO-SOURCE
> Task :core:common:copyDebugJniLibsProjectAndLocalJars UP-TO-DATE
> Task :core:common:extractDebugAnnotations UP-TO-DATE
> Task :core:common:extractDeepLinksForAarDebug UP-TO-DATE
> Task :core:common:mergeDebugGeneratedProguardFiles UP-TO-DATE
> Task :core:common:mergeDebugConsumerProguardFiles UP-TO-DATE
> Task :core:common:prepareDebugArtProfile UP-TO-DATE
> Task :core:common:prepareLintJarForPublish UP-TO-DATE
> Task :core:common:mergeDebugJavaResource UP-TO-DATE
> Task :core:common:syncDebugLibJars UP-TO-DATE
> Task :core:common:bundleDebugAar UP-TO-DATE
> Task :core:common:assembleDebug UP-TO-DATE
> Task :domain:kspDebugKotlin UP-TO-DATE
> Task :domain:compileDebugKotlin UP-TO-DATE
> Task :domain:compileDebugJavaWithJavac UP-TO-DATE
> Task :domain:transformDebugClassesWithAsm UP-TO-DATE
> Task :domain:bundleLibCompileToJarDebug UP-TO-DATE
> Task :domain:bundleLibRuntimeToJarDebug UP-TO-DATE
> Task :app:processDebugMainManifest UP-TO-DATE
> Task :app:processDebugManifest UP-TO-DATE
> Task :core:datastore:extractIncludeDebugProto UP-TO-DATE
> Task :app:processDebugManifestForPackage UP-TO-DATE
> Task :core:datastore:generateDebugProto UP-TO-DATE
> Task :core:datastore:kspDebugKotlin UP-TO-DATE
> Task :core:datastore:compileDebugKotlin UP-TO-DATE
> Task :core:datastore:compileDebugJavaWithJavac UP-TO-DATE
> Task :core:network:kspDebugKotlin UP-TO-DATE
> Task :app:processDebugResources UP-TO-DATE
> Task :feature:chaos:kspDebugKotlin UP-TO-DATE
> Task :feature:diagnostico:kspDebugKotlin UP-TO-DATE
> Task :core:datastore:transformDebugClassesWithAsm UP-TO-DATE
> Task :core:datastore:bundleLibCompileToJarDebug UP-TO-DATE
> Task :core:datastore:bundleLibRuntimeToJarDebug UP-TO-DATE
> Task :core:network:compileDebugKotlin UP-TO-DATE
> Task :feature:chaos:compileDebugKotlin UP-TO-DATE
> Task :feature:diagnostico:compileDebugKotlin UP-TO-DATE
> Task :core:network:compileDebugJavaWithJavac UP-TO-DATE
> Task :core:network:transformDebugClassesWithAsm UP-TO-DATE
> Task :feature:diagnostico:compileDebugJavaWithJavac UP-TO-DATE
> Task :core:network:bundleLibCompileToJarDebug UP-TO-DATE
> Task :core:network:bundleLibRuntimeToJarDebug UP-TO-DATE
> Task :feature:chaos:compileDebugJavaWithJavac UP-TO-DATE
> Task :feature:chaos:transformDebugClassesWithAsm UP-TO-DATE
> Task :feature:diagnostico:transformDebugClassesWithAsm UP-TO-DATE
> Task :feature:chaos:bundleLibCompileToJarDebug UP-TO-DATE
> Task :feature:entrevista:kspDebugKotlin UP-TO-DATE
> Task :feature:diagnostico:bundleLibCompileToJarDebug UP-TO-DATE
> Task :app:javaPreCompileDebug UP-TO-DATE
> Task :app:mergeDebugShaders UP-TO-DATE
> Task :app:compileDebugShaders NO-SOURCE
> Task :app:generateDebugAssets UP-TO-DATE
> Task :feature:simulador:kspDebugKotlin UP-TO-DATE
> Task :feature:chaos:bundleLibRuntimeToJarDebug UP-TO-DATE
> Task :feature:diagnostico:bundleLibRuntimeToJarDebug UP-TO-DATE
> Task :feature:entrevista:compileDebugKotlin UP-TO-DATE
> Task :feature:simulador:compileDebugKotlin UP-TO-DATE
> Task :feature:entrevista:compileDebugJavaWithJavac UP-TO-DATE
> Task :feature:simulador:compileDebugJavaWithJavac UP-TO-DATE
> Task :feature:entrevista:transformDebugClassesWithAsm UP-TO-DATE
> Task :feature:entrevista:bundleLibCompileToJarDebug UP-TO-DATE
> Task :feature:entrevista:bundleLibRuntimeToJarDebug UP-TO-DATE
> Task :feature:simulador:transformDebugClassesWithAsm UP-TO-DATE
> Task :feature:simulador:bundleLibCompileToJarDebug UP-TO-DATE
> Task :app:mergeDebugAssets UP-TO-DATE
> Task :app:compressDebugAssets UP-TO-DATE
> Task :app:desugarDebugFileDependencies UP-TO-DATE
> Task :domain:processDebugJavaRes UP-TO-DATE
> Task :core:datastore:processDebugJavaRes UP-TO-DATE
> Task :core:network:processDebugJavaRes UP-TO-DATE
> Task :feature:chaos:processDebugJavaRes UP-TO-DATE
> Task :feature:entrevista:processDebugJavaRes UP-TO-DATE
> Task :feature:simulador:bundleLibRuntimeToJarDebug UP-TO-DATE
> Task :feature:diagnostico:processDebugJavaRes UP-TO-DATE
> Task :feature:simulador:processDebugJavaRes UP-TO-DATE
> Task :core:network:bundleLibRuntimeToDirDebug UP-TO-DATE
> Task :feature:chaos:bundleLibRuntimeToDirDebug UP-TO-DATE
> Task :core:datastore:bundleLibRuntimeToDirDebug UP-TO-DATE
> Task :feature:simulador:bundleLibRuntimeToDirDebug UP-TO-DATE
> Task :feature:diagnostico:bundleLibRuntimeToDirDebug UP-TO-DATE
> Task :feature:entrevista:bundleLibRuntimeToDirDebug UP-TO-DATE
> Task :domain:bundleLibRuntimeToDirDebug UP-TO-DATE
> Task :domain:extractDebugAnnotations UP-TO-DATE
> Task :domain:mergeDebugGeneratedProguardFiles UP-TO-DATE
> Task :domain:mergeDebugConsumerProguardFiles UP-TO-DATE
> Task :domain:mergeDebugJavaResource UP-TO-DATE
> Task :domain:syncDebugLibJars UP-TO-DATE
> Task :domain:bundleDebugAar UP-TO-DATE
> Task :domain:assembleDebug UP-TO-DATE
> Task :core:datastore:extractDebugAnnotations UP-TO-DATE
> Task :core:network:extractDebugAnnotations UP-TO-DATE
> Task :core:datastore:mergeDebugGeneratedProguardFiles UP-TO-DATE
> Task :core:network:mergeDebugGeneratedProguardFiles UP-TO-DATE
> Task :core:network:mergeDebugConsumerProguardFiles UP-TO-DATE
> Task :core:network:mergeDebugJavaResource UP-TO-DATE
> Task :core:network:syncDebugLibJars UP-TO-DATE
> Task :core:network:bundleDebugAar UP-TO-DATE
> Task :core:network:assembleDebug UP-TO-DATE
> Task :feature:diagnostico:extractDebugAnnotations UP-TO-DATE
> Task :feature:diagnostico:mergeDebugGeneratedProguardFiles UP-TO-DATE
> Task :feature:diagnostico:mergeDebugConsumerProguardFiles UP-TO-DATE
> Task :core:datastore:mergeDebugConsumerProguardFiles UP-TO-DATE
> Task :feature:diagnostico:mergeDebugJavaResource UP-TO-DATE
> Task :feature:diagnostico:syncDebugLibJars UP-TO-DATE
> Task :core:datastore:mergeDebugJavaResource UP-TO-DATE
> Task :feature:diagnostico:bundleDebugAar UP-TO-DATE
> Task :feature:diagnostico:assembleDebug UP-TO-DATE
> Task :feature:chaos:extractDebugAnnotations UP-TO-DATE
> Task :core:datastore:syncDebugLibJars UP-TO-DATE
> Task :feature:chaos:mergeDebugGeneratedProguardFiles UP-TO-DATE
> Task :feature:chaos:mergeDebugConsumerProguardFiles UP-TO-DATE
> Task :core:datastore:bundleDebugAar UP-TO-DATE
> Task :core:datastore:assembleDebug UP-TO-DATE
> Task :feature:chaos:mergeDebugJavaResource UP-TO-DATE
> Task :feature:entrevista:extractDebugAnnotations UP-TO-DATE
> Task :feature:chaos:syncDebugLibJars UP-TO-DATE
> Task :feature:entrevista:mergeDebugGeneratedProguardFiles UP-TO-DATE
> Task :feature:chaos:bundleDebugAar UP-TO-DATE
> Task :feature:chaos:assembleDebug UP-TO-DATE
> Task :feature:entrevista:mergeDebugConsumerProguardFiles UP-TO-DATE
> Task :feature:entrevista:mergeDebugJavaResource UP-TO-DATE
> Task :feature:entrevista:syncDebugLibJars UP-TO-DATE
> Task :feature:simulador:extractDebugAnnotations UP-TO-DATE
> Task :feature:entrevista:bundleDebugAar UP-TO-DATE
> Task :feature:entrevista:assembleDebug UP-TO-DATE
> Task :feature:simulador:mergeDebugGeneratedProguardFiles UP-TO-DATE
> Task :feature:main:kspDebugKotlin UP-TO-DATE
> Task :feature:simulador:mergeDebugConsumerProguardFiles UP-TO-DATE
> Task :feature:simulador:mergeDebugJavaResource UP-TO-DATE
> Task :feature:simulador:syncDebugLibJars UP-TO-DATE
> Task :feature:simulador:bundleDebugAar UP-TO-DATE
> Task :feature:simulador:assembleDebug UP-TO-DATE
> Task :feature:main:compileDebugKotlin UP-TO-DATE
> Task :feature:main:compileDebugJavaWithJavac UP-TO-DATE
> Task :feature:main:transformDebugClassesWithAsm UP-TO-DATE
> Task :feature:main:bundleLibCompileToJarDebug UP-TO-DATE
> Task :feature:main:bundleLibRuntimeToJarDebug UP-TO-DATE
> Task :feature:main:processDebugJavaRes UP-TO-DATE
> Task :feature:main:bundleLibRuntimeToDirDebug UP-TO-DATE
> Task :feature:main:extractDebugAnnotations UP-TO-DATE
> Task :feature:main:mergeDebugGeneratedProguardFiles UP-TO-DATE
> Task :feature:main:mergeDebugConsumerProguardFiles UP-TO-DATE
> Task :feature:main:mergeDebugJavaResource UP-TO-DATE
> Task :feature:main:syncDebugLibJars UP-TO-DATE
> Task :feature:main:bundleDebugAar UP-TO-DATE
> Task :feature:main:assembleDebug UP-TO-DATE
> Task :app:checkDebugDuplicateClasses UP-TO-DATE
> Task :app:mergeExtDexDebug UP-TO-DATE
> Task :app:mergeDebugJniLibFolders UP-TO-DATE
> Task :app:mergeDebugNativeLibs UP-TO-DATE
> Task :app:stripDebugDebugSymbols UP-TO-DATE
> Task :app:validateSigningDebug UP-TO-DATE
> Task :app:writeDebugAppMetadata UP-TO-DATE
> Task :app:writeDebugSigningConfigVersions UP-TO-DATE

> Task :core:database:kspDebugKotlin
w: [ksp] /home/ubuntu/vespa_new/Vespa/core/database/src/main/java/dev/vskelk/cdf/core/database/AppDatabase.kt:45: Schema export directory was not provided to the annotation processor so Room cannot export the schema. You can either provide `room.schemaLocation` annotation processor argument by applying the Room Gradle plugin (id 'androidx.room') OR set exportSchema to false.

> Task :core:database:compileDebugKotlin FAILED
e: file:///home/ubuntu/vespa_new/Vespa/core/database/src/main/java/dev/vskelk/cdf/core/database/di/DatabaseSeeder.kt:64:127 No value passed for parameter 'distractorType'.
e: file:///home/ubuntu/vespa_new/Vespa/core/database/src/main/java/dev/vskelk/cdf/core/database/di/DatabaseSeeder.kt:65:126 No value passed for parameter 'distractorType'.
e: file:///home/ubuntu/vespa_new/Vespa/core/database/src/main/java/dev/vskelk/cdf/core/database/di/DatabaseSeeder.kt:66:132 No value passed for parameter 'distractorType'.
e: file:///home/ubuntu/vespa_new/Vespa/core/database/src/main/java/dev/vskelk/cdf/core/database/di/DatabaseSeeder.kt:76:17 No value passed for parameter 'reviewerNotes'.
e: file:///home/ubuntu/vespa_new/Vespa/core/database/src/main/java/dev/vskelk/cdf/core/database/di/DatabaseSeeder.kt:76:17 No value passed for parameter 'commonErrorPattern'.
e: file:///home/ubuntu/vespa_new/Vespa/core/database/src/main/java/dev/vskelk/cdf/core/database/di/DatabaseSeeder.kt:76:17 No value passed for parameter 'blueprintWeight'.
e: file:///home/ubuntu/vespa_new/Vespa/core/database/src/main/java/dev/vskelk/cdf/core/database/di/DatabaseSeeder.kt:76:17 No value passed for parameter 'lastReviewedAt'.

FAILURE: Build failed with an exception.

* What went wrong:
Execution failed for task ':core:database:compileDebugKotlin'.
> A failure occurred while executing org.jetbrains.kotlin.compilerRunner.GradleCompilerRunnerWithWorkers$GradleKotlinCompilerWorkAction
   > Compilation error. See log for more details

* Try:
> Run with --stacktrace option to get the stack trace.
> Run with --info or --debug option to get more log output.
> Run with --scan to get full insights.
> Get more help at https://help.gradle.org.

BUILD FAILED in 1m 30s
359 actionable tasks: 2 executed, 357 up-to-date
