To honour the JVM settings for this build a single-use Daemon process will be forked. For more on this, please refer to https://docs.gradle.org/8.10.2/userguide/gradle_daemon.html#sec:disabling_the_daemon in the Gradle documentation.
Daemon will be stopped at the end of the build 
> Task :clean
> Task :app:clean
> Task :benchmark:clean
> Task :core:clean
> Task :data:clean
> Task :domain:clean
> Task :feature:clean
> Task :benchmark:baselineprofile:clean
> Task :core:common:clean
> Task :core:database:clean
> Task :core:datastore:clean
> Task :core:network:clean
> Task :data:repository:clean
> Task :feature:chaos:clean
> Task :feature:diagnostico:clean
> Task :feature:entrevista:clean
> Task :feature:main:clean
> Task :feature:simulador:clean
> Task :app:preBuild UP-TO-DATE
> Task :app:preDebugBuild UP-TO-DATE
> Task :app:mergeDebugNativeDebugMetadata NO-SOURCE
> Task :app:checkKotlinGradlePluginConfigurationErrors SKIPPED
> Task :app:generateDebugBuildConfig
> Task :domain:preBuild UP-TO-DATE
> Task :domain:preDebugBuild UP-TO-DATE
> Task :domain:writeDebugAarMetadata
> Task :core:common:preBuild UP-TO-DATE
> Task :core:common:preDebugBuild UP-TO-DATE
> Task :core:common:writeDebugAarMetadata
> Task :core:database:preBuild UP-TO-DATE
> Task :core:database:preDebugBuild UP-TO-DATE
> Task :core:database:writeDebugAarMetadata
> Task :core:datastore:preBuild UP-TO-DATE
> Task :core:datastore:preDebugBuild UP-TO-DATE
> Task :core:datastore:writeDebugAarMetadata
> Task :core:network:preBuild UP-TO-DATE
> Task :core:network:preDebugBuild UP-TO-DATE
> Task :core:network:writeDebugAarMetadata
> Task :data:repository:preBuild UP-TO-DATE
> Task :data:repository:preDebugBuild UP-TO-DATE
> Task :data:repository:writeDebugAarMetadata
> Task :feature:chaos:preBuild UP-TO-DATE
> Task :feature:chaos:preDebugBuild UP-TO-DATE
> Task :feature:chaos:writeDebugAarMetadata
> Task :feature:diagnostico:preBuild UP-TO-DATE
> Task :feature:diagnostico:preDebugBuild UP-TO-DATE
> Task :feature:diagnostico:writeDebugAarMetadata
> Task :feature:entrevista:preBuild UP-TO-DATE
> Task :feature:entrevista:preDebugBuild UP-TO-DATE
> Task :feature:entrevista:writeDebugAarMetadata
> Task :feature:main:preBuild UP-TO-DATE
> Task :feature:main:preDebugBuild UP-TO-DATE
> Task :feature:main:writeDebugAarMetadata
> Task :feature:simulador:preBuild UP-TO-DATE
> Task :feature:simulador:preDebugBuild UP-TO-DATE
> Task :feature:simulador:writeDebugAarMetadata
> Task :app:checkDebugAarMetadata
> Task :app:generateDebugResValues
> Task :domain:generateDebugResValues
> Task :domain:generateDebugResources
> Task :domain:packageDebugResources
> Task :core:common:generateDebugResValues
> Task :core:common:generateDebugResources
> Task :core:common:packageDebugResources
> Task :core:database:generateDebugResValues
> Task :core:database:generateDebugResources
> Task :core:database:packageDebugResources
> Task :core:datastore:generateDebugResValues
> Task :core:datastore:generateDebugResources
> Task :core:datastore:packageDebugResources
> Task :core:network:generateDebugResValues
> Task :core:network:generateDebugResources
> Task :core:network:packageDebugResources
> Task :data:repository:generateDebugResValues
> Task :data:repository:generateDebugResources
> Task :data:repository:packageDebugResources
> Task :feature:chaos:generateDebugResValues
> Task :feature:chaos:generateDebugResources
> Task :feature:chaos:packageDebugResources
> Task :feature:diagnostico:generateDebugResValues
> Task :feature:diagnostico:generateDebugResources
> Task :feature:diagnostico:packageDebugResources
> Task :feature:entrevista:generateDebugResValues
> Task :feature:entrevista:generateDebugResources
> Task :feature:entrevista:packageDebugResources
> Task :feature:main:generateDebugResValues
> Task :feature:main:generateDebugResources
> Task :feature:main:packageDebugResources
> Task :feature:simulador:generateDebugResValues
> Task :feature:simulador:generateDebugResources
> Task :feature:simulador:packageDebugResources
> Task :app:mapDebugSourceSetPaths
> Task :app:generateDebugResources
> Task :app:mergeDebugResources
> Task :app:packageDebugResources
> Task :app:parseDebugLocalResources
> Task :app:createDebugCompatibleScreenManifests
> Task :app:extractDeepLinksDebug
> Task :domain:extractDeepLinksDebug
> Task :domain:processDebugManifest
> Task :core:common:extractDeepLinksDebug
> Task :core:common:processDebugManifest
> Task :core:database:extractDeepLinksDebug
> Task :core:database:processDebugManifest
> Task :core:datastore:extractDeepLinksDebug
> Task :core:datastore:processDebugManifest
> Task :core:network:extractDeepLinksDebug
> Task :core:network:processDebugManifest
> Task :data:repository:extractDeepLinksDebug
> Task :data:repository:processDebugManifest
> Task :feature:chaos:extractDeepLinksDebug
> Task :feature:chaos:processDebugManifest
> Task :feature:diagnostico:extractDeepLinksDebug
> Task :feature:diagnostico:processDebugManifest
> Task :feature:entrevista:extractDeepLinksDebug
> Task :feature:entrevista:processDebugManifest
> Task :feature:main:extractDeepLinksDebug
> Task :feature:main:processDebugManifest
> Task :feature:simulador:extractDeepLinksDebug
> Task :feature:simulador:processDebugManifest
> Task :app:processDebugMainManifest
> Task :app:processDebugManifest
> Task :app:processDebugManifestForPackage
> Task :domain:compileDebugLibraryResources
> Task :domain:parseDebugLocalResources
> Task :domain:generateDebugRFile
> Task :core:common:compileDebugLibraryResources
> Task :core:common:parseDebugLocalResources
> Task :core:common:generateDebugRFile
> Task :core:database:compileDebugLibraryResources
> Task :core:database:parseDebugLocalResources
> Task :core:database:generateDebugRFile
> Task :core:datastore:compileDebugLibraryResources
> Task :core:datastore:parseDebugLocalResources
> Task :core:datastore:generateDebugRFile
> Task :core:network:compileDebugLibraryResources
> Task :core:network:parseDebugLocalResources
> Task :core:network:generateDebugRFile
> Task :data:repository:compileDebugLibraryResources
> Task :data:repository:parseDebugLocalResources
> Task :data:repository:generateDebugRFile
> Task :feature:chaos:compileDebugLibraryResources
> Task :feature:chaos:parseDebugLocalResources
> Task :feature:chaos:generateDebugRFile
> Task :feature:diagnostico:compileDebugLibraryResources
> Task :feature:diagnostico:parseDebugLocalResources
> Task :feature:diagnostico:generateDebugRFile
> Task :feature:entrevista:compileDebugLibraryResources
> Task :feature:entrevista:parseDebugLocalResources
> Task :feature:entrevista:generateDebugRFile
> Task :feature:main:compileDebugLibraryResources
> Task :feature:main:parseDebugLocalResources
> Task :feature:main:generateDebugRFile
> Task :feature:simulador:compileDebugLibraryResources
> Task :feature:simulador:parseDebugLocalResources
> Task :feature:simulador:generateDebugRFile
> Task :app:processDebugResources
> Task :domain:checkKotlinGradlePluginConfigurationErrors SKIPPED
> Task :core:common:checkKotlinGradlePluginConfigurationErrors SKIPPED
> Task :core:common:kspDebugKotlin
> Task :core:common:compileDebugKotlin
> Task :core:common:javaPreCompileDebug
> Task :core:common:compileDebugJavaWithJavac
> Task :core:common:transformDebugClassesWithAsm
> Task :core:common:bundleLibCompileToJarDebug
> Task :domain:kspDebugKotlin
> Task :domain:compileDebugKotlin
> Task :domain:javaPreCompileDebug
> Task :domain:compileDebugJavaWithJavac
> Task :core:common:bundleLibRuntimeToJarDebug
> Task :domain:transformDebugClassesWithAsm
> Task :domain:bundleLibCompileToJarDebug
> Task :domain:bundleLibRuntimeToJarDebug
> Task :core:database:checkKotlinGradlePluginConfigurationErrors SKIPPED

> Task :core:database:kspDebugKotlin
w: [ksp] /home/ubuntu/vespa_new/Vespa/core/database/src/main/java/dev/vskelk/cdf/core/database/AppDatabase.kt:45: Schema export directory was not provided to the annotation processor so Room cannot export the schema. You can either provide `room.schemaLocation` annotation processor argument by applying the Room Gradle plugin (id 'androidx.room') OR set exportSchema to false.

> Task :core:database:compileDebugKotlin
> Task :core:database:javaPreCompileDebug
> Task :core:database:compileDebugJavaWithJavac
> Task :core:database:transformDebugClassesWithAsm
> Task :core:database:bundleLibCompileToJarDebug
> Task :core:datastore:checkKotlinGradlePluginConfigurationErrors SKIPPED
> Task :core:datastore:extractDebugProto
> Task :core:common:processDebugJavaRes
> Task :core:common:createFullJarDebug
> Task :core:datastore:extractIncludeDebugProto
> Task :core:datastore:extractProto
> Task :core:datastore:generateDebugProto
> Task :core:datastore:kspDebugKotlin
> Task :core:datastore:compileDebugKotlin
> Task :core:datastore:javaPreCompileDebug
> Task :core:datastore:compileDebugJavaWithJavac
> Task :core:datastore:transformDebugClassesWithAsm
> Task :core:datastore:bundleLibCompileToJarDebug
> Task :core:network:checkKotlinGradlePluginConfigurationErrors SKIPPED
> Task :core:network:generateDebugBuildConfig
> Task :core:network:kspDebugKotlin
> Task :core:network:compileDebugKotlin
> Task :core:network:javaPreCompileDebug
> Task :core:network:compileDebugJavaWithJavac
> Task :core:network:transformDebugClassesWithAsm
> Task :core:network:bundleLibCompileToJarDebug
> Task :core:database:bundleLibRuntimeToJarDebug
> Task :core:datastore:bundleLibRuntimeToJarDebug
> Task :core:network:bundleLibRuntimeToJarDebug
> Task :data:repository:checkKotlinGradlePluginConfigurationErrors SKIPPED
> Task :data:repository:kspDebugKotlin
> Task :data:repository:compileDebugKotlin
> Task :data:repository:javaPreCompileDebug
> Task :data:repository:compileDebugJavaWithJavac
> Task :data:repository:transformDebugClassesWithAsm
> Task :data:repository:bundleLibCompileToJarDebug
> Task :feature:chaos:checkKotlinGradlePluginConfigurationErrors SKIPPED
> Task :feature:chaos:kspDebugKotlin
> Task :feature:chaos:compileDebugKotlin
> Task :feature:chaos:javaPreCompileDebug
> Task :feature:chaos:compileDebugJavaWithJavac
> Task :feature:chaos:transformDebugClassesWithAsm
> Task :feature:chaos:bundleLibCompileToJarDebug
> Task :feature:diagnostico:checkKotlinGradlePluginConfigurationErrors SKIPPED
> Task :feature:diagnostico:kspDebugKotlin
> Task :feature:diagnostico:compileDebugKotlin
> Task :feature:diagnostico:javaPreCompileDebug
> Task :feature:diagnostico:compileDebugJavaWithJavac
> Task :feature:diagnostico:transformDebugClassesWithAsm
> Task :feature:diagnostico:bundleLibCompileToJarDebug
> Task :feature:entrevista:checkKotlinGradlePluginConfigurationErrors SKIPPED
> Task :feature:entrevista:kspDebugKotlin
> Task :feature:entrevista:compileDebugKotlin
> Task :feature:entrevista:javaPreCompileDebug
> Task :feature:entrevista:compileDebugJavaWithJavac
> Task :feature:entrevista:transformDebugClassesWithAsm
> Task :feature:entrevista:bundleLibCompileToJarDebug
> Task :feature:main:checkKotlinGradlePluginConfigurationErrors SKIPPED
> Task :feature:main:kspDebugKotlin
> Task :feature:main:compileDebugKotlin
> Task :feature:main:javaPreCompileDebug
> Task :feature:main:compileDebugJavaWithJavac
> Task :feature:main:transformDebugClassesWithAsm
> Task :feature:main:bundleLibCompileToJarDebug
> Task :feature:simulador:checkKotlinGradlePluginConfigurationErrors SKIPPED
> Task :feature:simulador:kspDebugKotlin
> Task :feature:simulador:compileDebugKotlin
> Task :feature:simulador:javaPreCompileDebug
> Task :feature:simulador:compileDebugJavaWithJavac
> Task :feature:simulador:transformDebugClassesWithAsm
> Task :feature:simulador:bundleLibCompileToJarDebug
> Task :app:kspDebugKotlin

> Task :app:compileDebugKotlin FAILED
e: file:///home/ubuntu/vespa_new/Vespa/app/src/main/java/dev/vskelk/cdf/app/navigation/Routes.kt:3:16 Unresolved reference 'serialization'.
e: file:///home/ubuntu/vespa_new/Vespa/app/src/main/java/dev/vskelk/cdf/app/navigation/Routes.kt:6:6 Cannot access 'typealias Serializable = Serializable': it is internal in file.
e: file:///home/ubuntu/vespa_new/Vespa/app/src/main/java/dev/vskelk/cdf/app/navigation/Routes.kt:6:6 Illegal annotation class 'Serializable'.
e: file:///home/ubuntu/vespa_new/Vespa/app/src/main/java/dev/vskelk/cdf/app/navigation/Routes.kt:7:6 Cannot access 'typealias Serializable = Serializable': it is internal in file.
e: file:///home/ubuntu/vespa_new/Vespa/app/src/main/java/dev/vskelk/cdf/app/navigation/Routes.kt:7:6 Illegal annotation class 'Serializable'.
e: file:///home/ubuntu/vespa_new/Vespa/app/src/main/java/dev/vskelk/cdf/app/navigation/Routes.kt:8:6 Cannot access 'typealias Serializable = Serializable': it is internal in file.
e: file:///home/ubuntu/vespa_new/Vespa/app/src/main/java/dev/vskelk/cdf/app/navigation/Routes.kt:8:6 Illegal annotation class 'Serializable'.
e: file:///home/ubuntu/vespa_new/Vespa/app/src/main/java/dev/vskelk/cdf/app/navigation/Routes.kt:9:6 Cannot access 'typealias Serializable = Serializable': it is internal in file.
e: file:///home/ubuntu/vespa_new/Vespa/app/src/main/java/dev/vskelk/cdf/app/navigation/Routes.kt:9:6 Illegal annotation class 'Serializable'.
e: file:///home/ubuntu/vespa_new/Vespa/app/src/main/java/dev/vskelk/cdf/app/navigation/Routes.kt:10:6 Cannot access 'typealias Serializable = Serializable': it is internal in file.
e: file:///home/ubuntu/vespa_new/Vespa/app/src/main/java/dev/vskelk/cdf/app/navigation/Routes.kt:10:6 Illegal annotation class 'Serializable'.
e: file:///home/ubuntu/vespa_new/Vespa/app/src/main/java/dev/vskelk/cdf/app/navigation/Routes.kt:11:6 Cannot access 'typealias Serializable = Serializable': it is internal in file.
e: file:///home/ubuntu/vespa_new/Vespa/app/src/main/java/dev/vskelk/cdf/app/navigation/Routes.kt:11:6 Illegal annotation class 'Serializable'.
e: file:///home/ubuntu/vespa_new/Vespa/app/src/main/java/dev/vskelk/cdf/app/ui/SplashScreen.kt:106:50 Unresolved reference 'drawable'.

FAILURE: Build failed with an exception.

* What went wrong:
Execution failed for task ':app:compileDebugKotlin'.
> A failure occurred while executing org.jetbrains.kotlin.compilerRunner.GradleCompilerRunnerWithWorkers$GradleKotlinCompilerWorkAction
   > Compilation error. See log for more details

* Try:
> Run with --stacktrace option to get the stack trace.
> Run with --info or --debug option to get more log output.
> Run with --scan to get full insights.
> Get more help at https://help.gradle.org.

BUILD FAILED in 1m 25s
211 actionable tasks: 211 executed
